Found a error in request: 
https://api.github.com/repos/atom/atom/pulls/16535/commits?client_id=4161a8257efaea420c94&client_secret=d814ec48927a6bd62c55c058cd028a949e5362d4&page=1
Error type: HTTP Error 404: Not Found

Found a error in request: 
https://api.github.com/repos/atom/atom/pulls/16535/comments?client_id=4161a8257efaea420c94&client_secret=d814ec48927a6bd62c55c058cd028a949e5362d4&page=1
Error type: HTTP Error 404: Not Found

Found a error in request: 
https://api.github.com/repos/atom/atom/pulls/16535client_id=4161a8257efaea420c94&client_secret=d814ec48927a6bd62c55c058cd028a949e5362d4
Error type: HTTP Error 404: Not Found

Found a error in request: 
https://api.github.com/repos/atom/atom/pulls/16534/commits?client_id=4161a8257efaea420c94&client_secret=d814ec48927a6bd62c55c058cd028a949e5362d4&page=1
Error type: HTTP Error 404: Not Found

Found a error in request: 
https://api.github.com/repos/atom/atom/pulls/16534/comments?client_id=4161a8257efaea420c94&client_secret=d814ec48927a6bd62c55c058cd028a949e5362d4&page=1
Error type: HTTP Error 404: Not Found

Found a error in request: 
https://api.github.com/repos/atom/atom/pulls/16534client_id=4161a8257efaea420c94&client_secret=d814ec48927a6bd62c55c058cd028a949e5362d4
Error type: HTTP Error 404: Not Found

Found a error in request: 
https://api.github.com/repos/atom/atom/pulls/16351/commits?client_id=4161a8257efaea420c94&client_secret=d814ec48927a6bd62c55c058cd028a949e5362d4&page=1
Error type: HTTP Error 404: Not Found

Found a error in request: 
https://api.github.com/repos/atom/atom/pulls/16351/comments?client_id=4161a8257efaea420c94&client_secret=d814ec48927a6bd62c55c058cd028a949e5362d4&page=1
Error type: HTTP Error 404: Not Found

Found a error in request: 
https://api.github.com/repos/atom/atom/pulls/16351client_id=4161a8257efaea420c94&client_secret=d814ec48927a6bd62c55c058cd028a949e5362d4
Error type: HTTP Error 404: Not Found

Found a error in request: 
https://api.github.com/repos/atom/atom/pulls/15450/commits?client_id=4161a8257efaea420c94&client_secret=d814ec48927a6bd62c55c058cd028a949e5362d4&page=1
Error type: HTTP Error 404: Not Found

Found a error in request: 
https://api.github.com/repos/atom/atom/pulls/15450/comments?client_id=4161a8257efaea420c94&client_secret=d814ec48927a6bd62c55c058cd028a949e5362d4&page=1
Error type: HTTP Error 404: Not Found

Found a error in request: 
https://api.github.com/repos/atom/atom/pulls/15450client_id=4161a8257efaea420c94&client_secret=d814ec48927a6bd62c55c058cd028a949e5362d4
Error type: HTTP Error 404: Not Found

